<?xml version="1.0" encoding="UTF-8"?>
<!-- Generated by org.testng.reporters.JUnitXMLReporter -->
<testsuite ignored="0" hostname="Amals_HP_Envy" failures="0" tests="4" name="ChromeTests" time="5.183" errors="0" timestamp="2026-04-28T12:51:03 EDT">
  <testcase classname="com.amalw.tests.RegistrationTest" name="testRegistration" time="1.938"/>
  <testcase classname="com.amalw.tests.RegistrationTest" name="testRegistration" time="2.239"/>
  <testcase classname="com.amalw.tests.RegistrationTest" name="testRegistration" time="2.398"/>
  <testcase classname="com.amalw.tests.RegistrationTest" name="testRegistration" time="2.495"/>
</testsuite> <!-- ChromeTests -->
