<?xml version="1.0" encoding="UTF-8"?>
<!-- Generated by org.testng.reporters.JUnitXMLReporter -->
<testsuite ignored="0" hostname="Amals_HP_Envy" failures="0" tests="4" name="EdgeTests" time="19.074" errors="0" timestamp="2026-04-27T23:17:13 EDT">
  <testcase classname="com.amalw.tests.RegistrationTest" name="testRegistration" time="12.255"/>
  <testcase classname="com.amalw.tests.RegistrationTest" name="testRegistration" time="12.083"/>
  <testcase classname="com.amalw.tests.RegistrationTest" name="testRegistration" time="12.355"/>
  <testcase classname="com.amalw.tests.RegistrationTest" name="testRegistration" time="13.441"/>
</testsuite> <!-- EdgeTests -->
