<?xml version="1.0" encoding="UTF-8"?>
<!-- Generated by org.testng.reporters.JUnitXMLReporter -->
<testsuite ignored="0" hostname="Amals_HP_Envy" failures="0" tests="4" name="FirefoxTests" time="15.801" errors="0" timestamp="2026-04-28T12:51:19 EDT">
  <testcase classname="com.amalw.tests.RegistrationTest" name="testRegistration" time="5.774"/>
  <testcase classname="com.amalw.tests.RegistrationTest" name="testRegistration" time="7.63"/>
  <testcase classname="com.amalw.tests.RegistrationTest" name="testRegistration" time="4.346"/>
  <testcase classname="com.amalw.tests.RegistrationTest" name="testRegistration" time="6.39"/>
</testsuite> <!-- FirefoxTests -->
