<?xml version="1.0" encoding="UTF-8"?>
<!-- Generated by org.testng.reporters.JUnitXMLReporter -->
<testsuite ignored="0" hostname="Amals_HP_Envy" failures="0" tests="4" name="FirefoxTests" time="18.892" errors="0" timestamp="2026-04-27T23:17:13 EDT">
  <testcase classname="com.amalw.tests.RegistrationTest" name="testRegistration" time="2.555"/>
  <testcase classname="com.amalw.tests.RegistrationTest" name="testRegistration" time="3.124"/>
  <testcase classname="com.amalw.tests.RegistrationTest" name="testRegistration" time="5.92"/>
  <testcase classname="com.amalw.tests.RegistrationTest" name="testRegistration" time="5.55"/>
</testsuite> <!-- FirefoxTests -->
