<?xml version="1.0" encoding="UTF-8"?>
<testng-results ignored="0" total="12" passed="12" failed="0" skipped="0">
  <reporter-output>
  </reporter-output>
  <suite started-at="2026-04-28T12:50:58 EDT" name="ParallelRegistrationSuite" finished-at="2026-04-28T12:51:26 EDT" duration-ms="28353">
    <groups>
    </groups>
    <test started-at="2026-04-28T12:50:58 EDT" name="ChromeTests" finished-at="2026-04-28T12:51:03 EDT" duration-ms="5183">
      <class name="com.amalw.tests.RegistrationTest">
        <test-method is-config="true" signature="setUp(java.lang.String)[pri:0, instance:com.amalw.tests.RegistrationTest@22ff4249]" started-at="2026-04-28T12:50:58 EDT" name="setUp" finished-at="2026-04-28T12:51:00 EDT" duration-ms="2455" status="PASS">
          <params>
            <param index="0">
              <value>
                <![CDATA[chrome]]>
              </value>
            </param>
          </params>
          <reporter-output>
          </reporter-output>
        </test-method> <!-- setUp -->
        <test-method is-config="true" signature="setUp(java.lang.String)[pri:0, instance:com.amalw.tests.RegistrationTest@22ff4249]" started-at="2026-04-28T12:50:58 EDT" name="setUp" finished-at="2026-04-28T12:51:00 EDT" duration-ms="2451" status="PASS">
          <params>
            <param index="0">
              <value>
                <![CDATA[chrome]]>
              </value>
            </param>
          </params>
          <reporter-output>
          </reporter-output>
        </test-method> <!-- setUp -->
        <test-method is-config="true" signature="setUp(java.lang.String)[pri:0, instance:com.amalw.tests.RegistrationTest@22ff4249]" started-at="2026-04-28T12:50:58 EDT" name="setUp" finished-at="2026-04-28T12:51:00 EDT" duration-ms="2454" status="PASS">
          <params>
            <param index="0">
              <value>
                <![CDATA[chrome]]>
              </value>
            </param>
          </params>
          <reporter-output>
          </reporter-output>
        </test-method> <!-- setUp -->
        <test-method is-config="true" signature="setUp(java.lang.String)[pri:0, instance:com.amalw.tests.RegistrationTest@22ff4249]" started-at="2026-04-28T12:50:58 EDT" name="setUp" finished-at="2026-04-28T12:51:00 EDT" duration-ms="2443" status="PASS">
          <params>
            <param index="0">
              <value>
                <![CDATA[chrome]]>
              </value>
            </param>
          </params>
          <reporter-output>
          </reporter-output>
        </test-method> <!-- setUp -->
        <test-method signature="testRegistration(java.lang.String,java.lang.String,java.lang.String,java.lang.String,java.lang.String,java.lang.String)[pri:0, instance:com.amalw.tests.RegistrationTest@22ff4249]" started-at="2026-04-28T12:51:00 EDT" name="testRegistration" data-provider="registrationData" finished-at="2026-04-28T12:51:02 EDT" duration-ms="1938" status="PASS">
          <params>
            <param index="0">
              <value>
                <![CDATA[John]]>
              </value>
            </param>
            <param index="1">
              <value>
                <![CDATA[Doe]]>
              </value>
            </param>
            <param index="2">
              <value>
                <![CDATA[male]]>
              </value>
            </param>
            <param index="3">
              <value>
                <![CDATA[ABC]]>
              </value>
            </param>
            <param index="4">
              <value>
                <![CDATA[Pass123!]]>
              </value>
            </param>
            <param index="5">
              <value>
                <![CDATA[Pass123!]]>
              </value>
            </param>
          </params>
          <reporter-output>
          </reporter-output>
        </test-method> <!-- testRegistration -->
        <test-method signature="testRegistration(java.lang.String,java.lang.String,java.lang.String,java.lang.String,java.lang.String,java.lang.String)[pri:0, instance:com.amalw.tests.RegistrationTest@22ff4249]" started-at="2026-04-28T12:51:00 EDT" name="testRegistration" data-provider="registrationData" finished-at="2026-04-28T12:51:02 EDT" duration-ms="2239" status="PASS">
          <params>
            <param index="0">
              <value>
                <![CDATA[Tim]]>
              </value>
            </param>
            <param index="1">
              <value>
                <![CDATA[James]]>
              </value>
            </param>
            <param index="2">
              <value>
                <![CDATA[Male]]>
              </value>
            </param>
            <param index="3">
              <value>
                <![CDATA[GHTG]]>
              </value>
            </param>
            <param index="4">
              <value>
                <![CDATA[Pass1235!]]>
              </value>
            </param>
            <param index="5">
              <value>
                <![CDATA[Pass1235!]]>
              </value>
            </param>
          </params>
          <reporter-output>
          </reporter-output>
        </test-method> <!-- testRegistration -->
        <test-method signature="testRegistration(java.lang.String,java.lang.String,java.lang.String,java.lang.String,java.lang.String,java.lang.String)[pri:0, instance:com.amalw.tests.RegistrationTest@22ff4249]" started-at="2026-04-28T12:51:00 EDT" name="testRegistration" data-provider="registrationData" finished-at="2026-04-28T12:51:03 EDT" duration-ms="2495" status="PASS">
          <params>
            <param index="0">
              <value>
                <![CDATA[Liam]]>
              </value>
            </param>
            <param index="1">
              <value>
                <![CDATA[Brown]]>
              </value>
            </param>
            <param index="2">
              <value>
                <![CDATA[male]]>
              </value>
            </param>
            <param index="3">
              <value>
                <![CDATA[EFG]]>
              </value>
            </param>
            <param index="4">
              <value>
                <![CDATA[Pass123!]]>
              </value>
            </param>
            <param index="5">
              <value>
                <![CDATA[Pass123!]]>
              </value>
            </param>
          </params>
          <reporter-output>
          </reporter-output>
        </test-method> <!-- testRegistration -->
        <test-method signature="testRegistration(java.lang.String,java.lang.String,java.lang.String,java.lang.String,java.lang.String,java.lang.String)[pri:0, instance:com.amalw.tests.RegistrationTest@22ff4249]" started-at="2026-04-28T12:51:00 EDT" name="testRegistration" data-provider="registrationData" finished-at="2026-04-28T12:51:03 EDT" duration-ms="2398" status="PASS">
          <params>
            <param index="0">
              <value>
                <![CDATA[Emma]]>
              </value>
            </param>
            <param index="1">
              <value>
                <![CDATA[Stone]]>
              </value>
            </param>
            <param index="2">
              <value>
                <![CDATA[female]]>
              </value>
            </param>
            <param index="3">
              <value>
                <![CDATA[CDE]]>
              </value>
            </param>
            <param index="4">
              <value>
                <![CDATA[Pass123!]]>
              </value>
            </param>
            <param index="5">
              <value>
                <![CDATA[Pass123!]]>
              </value>
            </param>
          </params>
          <reporter-output>
          </reporter-output>
        </test-method> <!-- testRegistration -->
        <test-method is-config="true" signature="tearDown(org.testng.ITestResult)[pri:0, instance:com.amalw.tests.RegistrationTest@22ff4249]" started-at="2026-04-28T12:51:02 EDT" name="tearDown" finished-at="2026-04-28T12:51:02 EDT" duration-ms="214" status="PASS">
          <params>
            <param index="0">
              <value>
                <![CDATA[[TestResult name=testRegistration status=SUCCESS method=RegistrationTest.testRegistration(java.lang.String,java.lang.String,java.lang.String,java.lang.String,java.lang.String,java.lang.String)[pri:0, instance:com.amalw.tests.RegistrationTest@22ff4249] output={null}]]]>
              </value>
            </param>
          </params>
          <reporter-output>
          </reporter-output>
        </test-method> <!-- tearDown -->
        <test-method is-config="true" signature="tearDown(org.testng.ITestResult)[pri:0, instance:com.amalw.tests.RegistrationTest@22ff4249]" started-at="2026-04-28T12:51:02 EDT" name="tearDown" finished-at="2026-04-28T12:51:03 EDT" duration-ms="247" status="PASS">
          <params>
            <param index="0">
              <value>
                <![CDATA[[TestResult name=testRegistration status=SUCCESS method=RegistrationTest.testRegistration(java.lang.String,java.lang.String,java.lang.String,java.lang.String,java.lang.String,java.lang.String)[pri:0, instance:com.amalw.tests.RegistrationTest@22ff4249] output={null}]]]>
              </value>
            </param>
          </params>
          <reporter-output>
          </reporter-output>
        </test-method> <!-- tearDown -->
        <test-method is-config="true" signature="tearDown(org.testng.ITestResult)[pri:0, instance:com.amalw.tests.RegistrationTest@22ff4249]" started-at="2026-04-28T12:51:03 EDT" name="tearDown" finished-at="2026-04-28T12:51:03 EDT" duration-ms="231" status="PASS">
          <params>
            <param index="0">
              <value>
                <![CDATA[[TestResult name=testRegistration status=SUCCESS method=RegistrationTest.testRegistration(java.lang.String,java.lang.String,java.lang.String,java.lang.String,java.lang.String,java.lang.String)[pri:0, instance:com.amalw.tests.RegistrationTest@22ff4249] output={null}]]]>
              </value>
            </param>
          </params>
          <reporter-output>
          </reporter-output>
        </test-method> <!-- tearDown -->
        <test-method is-config="true" signature="tearDown(org.testng.ITestResult)[pri:0, instance:com.amalw.tests.RegistrationTest@22ff4249]" started-at="2026-04-28T12:51:03 EDT" name="tearDown" finished-at="2026-04-28T12:51:03 EDT" duration-ms="186" status="PASS">
          <params>
            <param index="0">
              <value>
                <![CDATA[[TestResult name=testRegistration status=SUCCESS method=RegistrationTest.testRegistration(java.lang.String,java.lang.String,java.lang.String,java.lang.String,java.lang.String,java.lang.String)[pri:0, instance:com.amalw.tests.RegistrationTest@22ff4249] output={null}]]]>
              </value>
            </param>
          </params>
          <reporter-output>
          </reporter-output>
        </test-method> <!-- tearDown -->
      </class> <!-- com.amalw.tests.RegistrationTest -->
    </test> <!-- ChromeTests -->
    <test started-at="2026-04-28T12:51:03 EDT" name="FirefoxTests" finished-at="2026-04-28T12:51:19 EDT" duration-ms="15801">
      <class name="com.amalw.tests.RegistrationTest">
        <test-method is-config="true" signature="setUp(java.lang.String)[pri:0, instance:com.amalw.tests.RegistrationTest@22fcf7ab]" started-at="2026-04-28T12:51:03 EDT" name="setUp" finished-at="2026-04-28T12:51:10 EDT" duration-ms="6681" status="PASS">
          <params>
            <param index="0">
              <value>
                <![CDATA[firefox]]>
              </value>
            </param>
          </params>
          <reporter-output>
          </reporter-output>
        </test-method> <!-- setUp -->
        <test-method is-config="true" signature="setUp(java.lang.String)[pri:0, instance:com.amalw.tests.RegistrationTest@22fcf7ab]" started-at="2026-04-28T12:51:03 EDT" name="setUp" finished-at="2026-04-28T12:51:08 EDT" duration-ms="5270" status="PASS">
          <params>
            <param index="0">
              <value>
                <![CDATA[firefox]]>
              </value>
            </param>
          </params>
          <reporter-output>
          </reporter-output>
        </test-method> <!-- setUp -->
        <test-method is-config="true" signature="setUp(java.lang.String)[pri:0, instance:com.amalw.tests.RegistrationTest@22fcf7ab]" started-at="2026-04-28T12:51:03 EDT" name="setUp" finished-at="2026-04-28T12:51:11 EDT" duration-ms="7770" status="PASS">
          <params>
            <param index="0">
              <value>
                <![CDATA[firefox]]>
              </value>
            </param>
          </params>
          <reporter-output>
          </reporter-output>
        </test-method> <!-- setUp -->
        <test-method is-config="true" signature="setUp(java.lang.String)[pri:0, instance:com.amalw.tests.RegistrationTest@22fcf7ab]" started-at="2026-04-28T12:51:03 EDT" name="setUp" finished-at="2026-04-28T12:51:12 EDT" duration-ms="8806" status="PASS">
          <params>
            <param index="0">
              <value>
                <![CDATA[firefox]]>
              </value>
            </param>
          </params>
          <reporter-output>
          </reporter-output>
        </test-method> <!-- setUp -->
        <test-method signature="testRegistration(java.lang.String,java.lang.String,java.lang.String,java.lang.String,java.lang.String,java.lang.String)[pri:0, instance:com.amalw.tests.RegistrationTest@22fcf7ab]" started-at="2026-04-28T12:51:08 EDT" name="testRegistration" data-provider="registrationData" finished-at="2026-04-28T12:51:16 EDT" duration-ms="7630" status="PASS">
          <params>
            <param index="0">
              <value>
                <![CDATA[Emma]]>
              </value>
            </param>
            <param index="1">
              <value>
                <![CDATA[Stone]]>
              </value>
            </param>
            <param index="2">
              <value>
                <![CDATA[female]]>
              </value>
            </param>
            <param index="3">
              <value>
                <![CDATA[CDE]]>
              </value>
            </param>
            <param index="4">
              <value>
                <![CDATA[Pass123!]]>
              </value>
            </param>
            <param index="5">
              <value>
                <![CDATA[Pass123!]]>
              </value>
            </param>
          </params>
          <reporter-output>
          </reporter-output>
        </test-method> <!-- testRegistration -->
        <test-method signature="testRegistration(java.lang.String,java.lang.String,java.lang.String,java.lang.String,java.lang.String,java.lang.String)[pri:0, instance:com.amalw.tests.RegistrationTest@22fcf7ab]" started-at="2026-04-28T12:51:10 EDT" name="testRegistration" data-provider="registrationData" finished-at="2026-04-28T12:51:15 EDT" duration-ms="5774" status="PASS">
          <params>
            <param index="0">
              <value>
                <![CDATA[John]]>
              </value>
            </param>
            <param index="1">
              <value>
                <![CDATA[Doe]]>
              </value>
            </param>
            <param index="2">
              <value>
                <![CDATA[male]]>
              </value>
            </param>
            <param index="3">
              <value>
                <![CDATA[ABC]]>
              </value>
            </param>
            <param index="4">
              <value>
                <![CDATA[Pass123!]]>
              </value>
            </param>
            <param index="5">
              <value>
                <![CDATA[Pass123!]]>
              </value>
            </param>
          </params>
          <reporter-output>
          </reporter-output>
        </test-method> <!-- testRegistration -->
        <test-method signature="testRegistration(java.lang.String,java.lang.String,java.lang.String,java.lang.String,java.lang.String,java.lang.String)[pri:0, instance:com.amalw.tests.RegistrationTest@22fcf7ab]" started-at="2026-04-28T12:51:11 EDT" name="testRegistration" data-provider="registrationData" finished-at="2026-04-28T12:51:17 EDT" duration-ms="6390" status="PASS">
          <params>
            <param index="0">
              <value>
                <![CDATA[Tim]]>
              </value>
            </param>
            <param index="1">
              <value>
                <![CDATA[James]]>
              </value>
            </param>
            <param index="2">
              <value>
                <![CDATA[Male]]>
              </value>
            </param>
            <param index="3">
              <value>
                <![CDATA[GHTG]]>
              </value>
            </param>
            <param index="4">
              <value>
                <![CDATA[Pass1235!]]>
              </value>
            </param>
            <param index="5">
              <value>
                <![CDATA[Pass1235!]]>
              </value>
            </param>
          </params>
          <reporter-output>
          </reporter-output>
        </test-method> <!-- testRegistration -->
        <test-method signature="testRegistration(java.lang.String,java.lang.String,java.lang.String,java.lang.String,java.lang.String,java.lang.String)[pri:0, instance:com.amalw.tests.RegistrationTest@22fcf7ab]" started-at="2026-04-28T12:51:12 EDT" name="testRegistration" data-provider="registrationData" finished-at="2026-04-28T12:51:16 EDT" duration-ms="4346" status="PASS">
          <params>
            <param index="0">
              <value>
                <![CDATA[Liam]]>
              </value>
            </param>
            <param index="1">
              <value>
                <![CDATA[Brown]]>
              </value>
            </param>
            <param index="2">
              <value>
                <![CDATA[male]]>
              </value>
            </param>
            <param index="3">
              <value>
                <![CDATA[EFG]]>
              </value>
            </param>
            <param index="4">
              <value>
                <![CDATA[Pass123!]]>
              </value>
            </param>
            <param index="5">
              <value>
                <![CDATA[Pass123!]]>
              </value>
            </param>
          </params>
          <reporter-output>
          </reporter-output>
        </test-method> <!-- testRegistration -->
        <test-method is-config="true" signature="tearDown(org.testng.ITestResult)[pri:0, instance:com.amalw.tests.RegistrationTest@22fcf7ab]" started-at="2026-04-28T12:51:15 EDT" name="tearDown" finished-at="2026-04-28T12:51:18 EDT" duration-ms="3091" status="PASS">
          <params>
            <param index="0">
              <value>
                <![CDATA[[TestResult name=testRegistration status=SUCCESS method=RegistrationTest.testRegistration(java.lang.String,java.lang.String,java.lang.String,java.lang.String,java.lang.String,java.lang.String)[pri:0, instance:com.amalw.tests.RegistrationTest@22fcf7ab] output={null}]]]>
              </value>
            </param>
          </params>
          <reporter-output>
          </reporter-output>
        </test-method> <!-- tearDown -->
        <test-method is-config="true" signature="tearDown(org.testng.ITestResult)[pri:0, instance:com.amalw.tests.RegistrationTest@22fcf7ab]" started-at="2026-04-28T12:51:16 EDT" name="tearDown" finished-at="2026-04-28T12:51:19 EDT" duration-ms="2821" status="PASS">
          <params>
            <param index="0">
              <value>
                <![CDATA[[TestResult name=testRegistration status=SUCCESS method=RegistrationTest.testRegistration(java.lang.String,java.lang.String,java.lang.String,java.lang.String,java.lang.String,java.lang.String)[pri:0, instance:com.amalw.tests.RegistrationTest@22fcf7ab] output={null}]]]>
              </value>
            </param>
          </params>
          <reporter-output>
          </reporter-output>
        </test-method> <!-- tearDown -->
        <test-method is-config="true" signature="tearDown(org.testng.ITestResult)[pri:0, instance:com.amalw.tests.RegistrationTest@22fcf7ab]" started-at="2026-04-28T12:51:16 EDT" name="tearDown" finished-at="2026-04-28T12:51:19 EDT" duration-ms="2633" status="PASS">
          <params>
            <param index="0">
              <value>
                <![CDATA[[TestResult name=testRegistration status=SUCCESS method=RegistrationTest.testRegistration(java.lang.String,java.lang.String,java.lang.String,java.lang.String,java.lang.String,java.lang.String)[pri:0, instance:com.amalw.tests.RegistrationTest@22fcf7ab] output={null}]]]>
              </value>
            </param>
          </params>
          <reporter-output>
          </reporter-output>
        </test-method> <!-- tearDown -->
        <test-method is-config="true" signature="tearDown(org.testng.ITestResult)[pri:0, instance:com.amalw.tests.RegistrationTest@22fcf7ab]" started-at="2026-04-28T12:51:17 EDT" name="tearDown" finished-at="2026-04-28T12:51:19 EDT" duration-ms="1633" status="PASS">
          <params>
            <param index="0">
              <value>
                <![CDATA[[TestResult name=testRegistration status=SUCCESS method=RegistrationTest.testRegistration(java.lang.String,java.lang.String,java.lang.String,java.lang.String,java.lang.String,java.lang.String)[pri:0, instance:com.amalw.tests.RegistrationTest@22fcf7ab] output={null}]]]>
              </value>
            </param>
          </params>
          <reporter-output>
          </reporter-output>
        </test-method> <!-- tearDown -->
      </class> <!-- com.amalw.tests.RegistrationTest -->
    </test> <!-- FirefoxTests -->
    <test started-at="2026-04-28T12:51:19 EDT" name="EdgeTests" finished-at="2026-04-28T12:51:26 EDT" duration-ms="7335">
      <class name="com.amalw.tests.RegistrationTest">
        <test-method is-config="true" signature="setUp(java.lang.String)[pri:0, instance:com.amalw.tests.RegistrationTest@63475ace]" started-at="2026-04-28T12:51:19 EDT" name="setUp" finished-at="2026-04-28T12:51:22 EDT" duration-ms="3324" status="PASS">
          <params>
            <param index="0">
              <value>
                <![CDATA[edge]]>
              </value>
            </param>
          </params>
          <reporter-output>
          </reporter-output>
        </test-method> <!-- setUp -->
        <test-method is-config="true" signature="setUp(java.lang.String)[pri:0, instance:com.amalw.tests.RegistrationTest@63475ace]" started-at="2026-04-28T12:51:19 EDT" name="setUp" finished-at="2026-04-28T12:51:22 EDT" duration-ms="3660" status="PASS">
          <params>
            <param index="0">
              <value>
                <![CDATA[edge]]>
              </value>
            </param>
          </params>
          <reporter-output>
          </reporter-output>
        </test-method> <!-- setUp -->
        <test-method is-config="true" signature="setUp(java.lang.String)[pri:0, instance:com.amalw.tests.RegistrationTest@63475ace]" started-at="2026-04-28T12:51:19 EDT" name="setUp" finished-at="2026-04-28T12:51:22 EDT" duration-ms="3709" status="PASS">
          <params>
            <param index="0">
              <value>
                <![CDATA[edge]]>
              </value>
            </param>
          </params>
          <reporter-output>
          </reporter-output>
        </test-method> <!-- setUp -->
        <test-method is-config="true" signature="setUp(java.lang.String)[pri:0, instance:com.amalw.tests.RegistrationTest@63475ace]" started-at="2026-04-28T12:51:19 EDT" name="setUp" finished-at="2026-04-28T12:51:22 EDT" duration-ms="3701" status="PASS">
          <params>
            <param index="0">
              <value>
                <![CDATA[edge]]>
              </value>
            </param>
          </params>
          <reporter-output>
          </reporter-output>
        </test-method> <!-- setUp -->
        <test-method signature="testRegistration(java.lang.String,java.lang.String,java.lang.String,java.lang.String,java.lang.String,java.lang.String)[pri:0, instance:com.amalw.tests.RegistrationTest@63475ace]" started-at="2026-04-28T12:51:22 EDT" name="testRegistration" data-provider="registrationData" finished-at="2026-04-28T12:51:25 EDT" duration-ms="2982" status="PASS">
          <params>
            <param index="0">
              <value>
                <![CDATA[John]]>
              </value>
            </param>
            <param index="1">
              <value>
                <![CDATA[Doe]]>
              </value>
            </param>
            <param index="2">
              <value>
                <![CDATA[male]]>
              </value>
            </param>
            <param index="3">
              <value>
                <![CDATA[ABC]]>
              </value>
            </param>
            <param index="4">
              <value>
                <![CDATA[Pass123!]]>
              </value>
            </param>
            <param index="5">
              <value>
                <![CDATA[Pass123!]]>
              </value>
            </param>
          </params>
          <reporter-output>
          </reporter-output>
        </test-method> <!-- testRegistration -->
        <test-method signature="testRegistration(java.lang.String,java.lang.String,java.lang.String,java.lang.String,java.lang.String,java.lang.String)[pri:0, instance:com.amalw.tests.RegistrationTest@63475ace]" started-at="2026-04-28T12:51:22 EDT" name="testRegistration" data-provider="registrationData" finished-at="2026-04-28T12:51:26 EDT" duration-ms="3355" status="PASS">
          <params>
            <param index="0">
              <value>
                <![CDATA[Liam]]>
              </value>
            </param>
            <param index="1">
              <value>
                <![CDATA[Brown]]>
              </value>
            </param>
            <param index="2">
              <value>
                <![CDATA[male]]>
              </value>
            </param>
            <param index="3">
              <value>
                <![CDATA[EFG]]>
              </value>
            </param>
            <param index="4">
              <value>
                <![CDATA[Pass123!]]>
              </value>
            </param>
            <param index="5">
              <value>
                <![CDATA[Pass123!]]>
              </value>
            </param>
          </params>
          <reporter-output>
          </reporter-output>
        </test-method> <!-- testRegistration -->
        <test-method signature="testRegistration(java.lang.String,java.lang.String,java.lang.String,java.lang.String,java.lang.String,java.lang.String)[pri:0, instance:com.amalw.tests.RegistrationTest@63475ace]" started-at="2026-04-28T12:51:22 EDT" name="testRegistration" data-provider="registrationData" finished-at="2026-04-28T12:51:25 EDT" duration-ms="2895" status="PASS">
          <params>
            <param index="0">
              <value>
                <![CDATA[Tim]]>
              </value>
            </param>
            <param index="1">
              <value>
                <![CDATA[James]]>
              </value>
            </param>
            <param index="2">
              <value>
                <![CDATA[Male]]>
              </value>
            </param>
            <param index="3">
              <value>
                <![CDATA[GHTG]]>
              </value>
            </param>
            <param index="4">
              <value>
                <![CDATA[Pass1235!]]>
              </value>
            </param>
            <param index="5">
              <value>
                <![CDATA[Pass1235!]]>
              </value>
            </param>
          </params>
          <reporter-output>
          </reporter-output>
        </test-method> <!-- testRegistration -->
        <test-method signature="testRegistration(java.lang.String,java.lang.String,java.lang.String,java.lang.String,java.lang.String,java.lang.String)[pri:0, instance:com.amalw.tests.RegistrationTest@63475ace]" started-at="2026-04-28T12:51:22 EDT" name="testRegistration" data-provider="registrationData" finished-at="2026-04-28T12:51:25 EDT" duration-ms="2737" status="PASS">
          <params>
            <param index="0">
              <value>
                <![CDATA[Emma]]>
              </value>
            </param>
            <param index="1">
              <value>
                <![CDATA[Stone]]>
              </value>
            </param>
            <param index="2">
              <value>
                <![CDATA[female]]>
              </value>
            </param>
            <param index="3">
              <value>
                <![CDATA[CDE]]>
              </value>
            </param>
            <param index="4">
              <value>
                <![CDATA[Pass123!]]>
              </value>
            </param>
            <param index="5">
              <value>
                <![CDATA[Pass123!]]>
              </value>
            </param>
          </params>
          <reporter-output>
          </reporter-output>
        </test-method> <!-- testRegistration -->
        <test-method is-config="true" signature="tearDown(org.testng.ITestResult)[pri:0, instance:com.amalw.tests.RegistrationTest@63475ace]" started-at="2026-04-28T12:51:25 EDT" name="tearDown" finished-at="2026-04-28T12:51:26 EDT" duration-ms="706" status="PASS">
          <params>
            <param index="0">
              <value>
                <![CDATA[[TestResult name=testRegistration status=SUCCESS method=RegistrationTest.testRegistration(java.lang.String,java.lang.String,java.lang.String,java.lang.String,java.lang.String,java.lang.String)[pri:0, instance:com.amalw.tests.RegistrationTest@63475ace] output={null}]]]>
              </value>
            </param>
          </params>
          <reporter-output>
          </reporter-output>
        </test-method> <!-- tearDown -->
        <test-method is-config="true" signature="tearDown(org.testng.ITestResult)[pri:0, instance:com.amalw.tests.RegistrationTest@63475ace]" started-at="2026-04-28T12:51:25 EDT" name="tearDown" finished-at="2026-04-28T12:51:26 EDT" duration-ms="558" status="PASS">
          <params>
            <param index="0">
              <value>
                <![CDATA[[TestResult name=testRegistration status=SUCCESS method=RegistrationTest.testRegistration(java.lang.String,java.lang.String,java.lang.String,java.lang.String,java.lang.String,java.lang.String)[pri:0, instance:com.amalw.tests.RegistrationTest@63475ace] output={null}]]]>
              </value>
            </param>
          </params>
          <reporter-output>
          </reporter-output>
        </test-method> <!-- tearDown -->
        <test-method is-config="true" signature="tearDown(org.testng.ITestResult)[pri:0, instance:com.amalw.tests.RegistrationTest@63475ace]" started-at="2026-04-28T12:51:25 EDT" name="tearDown" finished-at="2026-04-28T12:51:26 EDT" duration-ms="544" status="PASS">
          <params>
            <param index="0">
              <value>
                <![CDATA[[TestResult name=testRegistration status=SUCCESS method=RegistrationTest.testRegistration(java.lang.String,java.lang.String,java.lang.String,java.lang.String,java.lang.String,java.lang.String)[pri:0, instance:com.amalw.tests.RegistrationTest@63475ace] output={null}]]]>
              </value>
            </param>
          </params>
          <reporter-output>
          </reporter-output>
        </test-method> <!-- tearDown -->
        <test-method is-config="true" signature="tearDown(org.testng.ITestResult)[pri:0, instance:com.amalw.tests.RegistrationTest@63475ace]" started-at="2026-04-28T12:51:26 EDT" name="tearDown" finished-at="2026-04-28T12:51:26 EDT" duration-ms="315" status="PASS">
          <params>
            <param index="0">
              <value>
                <![CDATA[[TestResult name=testRegistration status=SUCCESS method=RegistrationTest.testRegistration(java.lang.String,java.lang.String,java.lang.String,java.lang.String,java.lang.String,java.lang.String)[pri:0, instance:com.amalw.tests.RegistrationTest@63475ace] output={null}]]]>
              </value>
            </param>
          </params>
          <reporter-output>
          </reporter-output>
        </test-method> <!-- tearDown -->
      </class> <!-- com.amalw.tests.RegistrationTest -->
    </test> <!-- EdgeTests -->
  </suite> <!-- ParallelRegistrationSuite -->
</testng-results>
