<?xml version="1.0" encoding="UTF-8"?>
<!-- Generated by org.testng.reporters.JUnitReportReporter -->
<testsuite hostname="Amals_HP_Envy" failures="0" tests="12" name="com.amalw.tests.RegistrationTest" time="224.268" errors="0" timestamp="2026-04-27T23:17:14 EDT" skipped="0">
  <testcase classname="com.amalw.tests.RegistrationTest" name="testRegistration" time="20.725"/>
  <testcase classname="com.amalw.tests.RegistrationTest" name="testRegistration" time="18.873"/>
  <testcase classname="com.amalw.tests.RegistrationTest" name="testRegistration" time="12.335"/>
  <testcase classname="com.amalw.tests.RegistrationTest" name="testRegistration" time="19.759"/>
  <testcase classname="com.amalw.tests.RegistrationTest" name="testRegistration" time="18.898"/>
  <testcase classname="com.amalw.tests.RegistrationTest" name="testRegistration" time="20.012"/>
  <testcase classname="com.amalw.tests.RegistrationTest" name="testRegistration" time="19.187"/>
  <testcase classname="com.amalw.tests.RegistrationTest" name="testRegistration" time="19.258"/>
  <testcase classname="com.amalw.tests.RegistrationTest" name="testRegistration" time="17.580"/>
  <testcase classname="com.amalw.tests.RegistrationTest" name="testRegistration" time="20.001"/>
  <testcase classname="com.amalw.tests.RegistrationTest" name="testRegistration" time="19.031"/>
  <testcase classname="com.amalw.tests.RegistrationTest" name="testRegistration" time="18.609"/>
</testsuite> <!-- com.amalw.tests.RegistrationTest -->
